  game.cpp
C:\Users\fedot\source\repos\15_puzzle\15_puzzle\game.cpp(41,14): warning C4244: аргумент: преобразование "T" в "T", возможна потеря данных
C:\Users\fedot\source\repos\15_puzzle\15_puzzle\game.cpp(41,14): warning C4244:         with
C:\Users\fedot\source\repos\15_puzzle\15_puzzle\game.cpp(41,14): warning C4244:         [
C:\Users\fedot\source\repos\15_puzzle\15_puzzle\game.cpp(41,14): warning C4244:             T=int
C:\Users\fedot\source\repos\15_puzzle\15_puzzle\game.cpp(41,14): warning C4244:         ]
C:\Users\fedot\source\repos\15_puzzle\15_puzzle\game.cpp(41,14): warning C4244:         and
C:\Users\fedot\source\repos\15_puzzle\15_puzzle\game.cpp(41,14): warning C4244:         [
C:\Users\fedot\source\repos\15_puzzle\15_puzzle\game.cpp(41,14): warning C4244:             T=float
C:\Users\fedot\source\repos\15_puzzle\15_puzzle\game.cpp(41,14): warning C4244:         ]
C:\Users\fedot\source\repos\15_puzzle\15_puzzle\game.cpp(40,14): warning C4244: аргумент: преобразование "T" в "T", возможна потеря данных
C:\Users\fedot\source\repos\15_puzzle\15_puzzle\game.cpp(40,14): warning C4244:         with
C:\Users\fedot\source\repos\15_puzzle\15_puzzle\game.cpp(40,14): warning C4244:         [
C:\Users\fedot\source\repos\15_puzzle\15_puzzle\game.cpp(40,14): warning C4244:             T=int
C:\Users\fedot\source\repos\15_puzzle\15_puzzle\game.cpp(40,14): warning C4244:         ]
C:\Users\fedot\source\repos\15_puzzle\15_puzzle\game.cpp(40,14): warning C4244:         and
C:\Users\fedot\source\repos\15_puzzle\15_puzzle\game.cpp(40,14): warning C4244:         [
C:\Users\fedot\source\repos\15_puzzle\15_puzzle\game.cpp(40,14): warning C4244:             T=float
C:\Users\fedot\source\repos\15_puzzle\15_puzzle\game.cpp(40,14): warning C4244:         ]
  puzzle.cpp
  main.cpp
  textures.cpp
  tile.cpp
  Создание кода...
  15_puzzle.vcxproj -> C:\Users\fedot\source\repos\15_puzzle\x64\Debug\15_puzzle.exe
  "pwsh.exe" не является внутренней или внешней
  командой, исполняемой программой или пакетным файлом.
